Arguments: 
  C:\Program Files\nodejs\node.exe C:\Users\Super Power Man\AppData\Roaming\npm\node_modules\yarn\bin\yarn.js add react-native-text-wrapper

PATH: 
  C:\Windows\system32;C:\Windows;C:\Windows\System32\Wbem;C:\Windows\System32\WindowsPowerShell\v1.0\;C:\Windows\System32\OpenSSH\;C:\Program Files (x86)\NVIDIA Corporation\PhysX\Common;C:\Program Files\Git\cmd;C:\Users\Super Power Man\AppData\Roaming\nvm;C:\Program Files\nodejs;C:\Program Files\nodejs\;C:\xampp\php;C:\Program Files\MongoDB\Server\6.0\bin;D:\env\flutter\bin;C:\Program Files\Git\bin;C:\Users\Super Power Man\AppData\Local\Microsoft\WindowsApps;C:\Users\Super Power Man\AppData\Local\Programs\Microsoft VS Code\bin;C:\Users\Super Power Man\AppData\Roaming\nvm;C:\Program Files\nodejs;C:\Users\Super Power Man\AppData\Roaming\npm

Yarn version: 
  1.22.19

Node version: 
  18.16.1

Platform: 
  win32 x64

Trace: 
  Error: https://registry.yarnpkg.com/react-native-text-wrapper: Not found
      at params.callback [as _callback] (C:\Users\Super Power Man\AppData\Roaming\npm\node_modules\yarn\lib\cli.js:66145:18)
      at self.callback (C:\Users\Super Power Man\AppData\Roaming\npm\node_modules\yarn\lib\cli.js:140890:22)
      at Request.emit (node:events:513:28)
      at Request.<anonymous> (C:\Users\Super Power Man\AppData\Roaming\npm\node_modules\yarn\lib\cli.js:141862:10)
      at Request.emit (node:events:513:28)
      at IncomingMessage.<anonymous> (C:\Users\Super Power Man\AppData\Roaming\npm\node_modules\yarn\lib\cli.js:141784:12)
      at Object.onceWrapper (node:events:627:28)
      at IncomingMessage.emit (node:events:525:35)
      at endReadableNT (node:internal/streams/readable:1359:12)
      at process.processTicksAndRejections (node:internal/process/task_queues:82:21)

npm manifest: 
  {
    "name": "racing_app_japan",
    "version": "1.0.0",
    "main": "node_modules/expo/AppEntry.js",
    "scripts": {
      "start": "expo start",
      "android": "expo start --android",
      "ios": "expo start --ios",
      "web": "expo start --web"
    },
    "dependencies": {
      "@react-native-async-storage/async-storage": "1.17.11",
      "@react-native-community/blur": "^4.3.2",
      "@react-native-community/checkbox": "^0.5.15",
      "@react-native-community/geolocation": "^3.0.6",
      "@react-navigation/bottom-tabs": "^6.5.7",
      "@react-navigation/native": "^6.1.6",
      "@react-navigation/native-stack": "^6.9.12",
      "@react-navigation/stack": "^6.3.16",
      "@rneui/themed": "^4.0.0-rc.7",
      "axios": "^1.4.0",
      "expo": "~48.0.18",
      "expo-blur": "~12.2.2",
      "expo-status-bar": "~1.4.4",
      "moment": "^2.29.4",
      "native-base": "^3.4.28",
      "prop-types": "^15.8.1",
      "react": "18.2.0",
      "react-dom": "^18.2.0",
      "react-native": "0.71.8",
      "react-native-app-intro-slider": "^4.0.4",
      "react-native-background-image": "^1.0.2",
      "react-native-countdown-component": "^2.7.1",
      "react-native-css-vh-vw": "^1.0.5",
      "react-native-dropdown-picker": "^5.4.6",
      "react-native-effects-view": "^0.4.0",
      "react-native-elements": "^3.4.3",
      "react-native-expo-viewport-units": "^0.0.8",
      "react-native-geolocation-service": "^5.3.1",
      "react-native-gesture-handler": "~2.9.0",
      "react-native-loading-spinner-overlay": "^3.0.1",
      "react-native-paper": "^5.8.0",
      "react-native-responsive-screen": "^1.4.2",
      "react-native-root-siblings": "^4.1.1",
      "react-native-root-toast": "^3.4.1",
      "react-native-safe-area-context": "4.5.0",
      "react-native-screens": "~3.20.0",
      "react-native-select-dropdown": "^3.3.4",
      "react-native-splash-screen": "^3.3.0",
      "react-native-super-grid": "^5.0.0",
      "react-native-svg": "13.4.0",
      "react-native-table-component": "^1.2.0",
      "react-native-triangle": "^0.0.9",
      "react-native-units": "^1.0.0",
      "react-native-vector-icons": "^9.2.0",
      "react-native-walkthrough-tooltip": "^1.5.0",
      "react-redux": "^8.1.0",
      "redux": "^4.2.1",
      "redux-devtools-extension": "^2.13.9",
      "redux-persist": "^6.0.0",
      "redux-persist-transform-encrypt": "^5.0.0",
      "redux-thunk": "^2.4.2",
      "typescript": "^4.9.4"
    },
    "devDependencies": {
      "@babel/core": "^7.20.0",
      "@types/react-redux": "^7.1.25",
      "@types/redux-logger": "^3.0.9",
      "react-native-select-list": "^1.0.5",
      "redux-logger": "^3.0.6",
      "typescript": "^5.1.3"
    },
    "private": true
  }

yarn manifest: 
  No manifest

Lockfile: 
  No lockfile
